<?xml version="1.0" encoding="UTF-8"?>
<!-- Generated by org.testng.reporters.JUnitXMLReporter -->
<testsuite ignored="0" hostname="BEAVERG" failures="0" tests="3" name="All tests" time="58.063" errors="0" timestamp="2023-02-07T01:47:28 MSK">
  <testcase classname="pagefactory.test.FWWDAdvancedTests" name="commonSearchCloudCalc" time="13.144"/>
  <testcase classname="pagefactory.test.FWWDAdvancedTests" name="commonSearchCloudCalcWithAnotherRequest" time="13.246"/>
  <testcase classname="pagefactory.test.FWWDMainTest" name="commonSearchCloudCalcAndCheckEstimate" time="28.202"/>
</testsuite> <!-- All tests -->
